TN:
SF:/Users/ammohamed/Desktop/Projects/mjolnir-simulator/client/js/src/gameObject.spec.js
FNF:0
FNH:0
LF:0
LH:0
BRF:0
BRH:0
end_of_record
TN:
SF:/Users/ammohamed/Desktop/Projects/mjolnir-simulator/client/js/src/handleInput.spec.js
FNF:0
FNH:0
LF:0
LH:0
BRF:0
BRH:0
end_of_record
TN:
SF:/Users/ammohamed/Desktop/Projects/mjolnir-simulator/client/js/src/index.spec.js
FN:1,(anonymous_1)
FN:2,(anonymous_2)
FN:8,(anonymous_3)
FNF:3
FNH:3
FNDA:1,(anonymous_1)
FNDA:1,(anonymous_2)
FNDA:1,(anonymous_3)
DA:1,1
DA:2,1
DA:3,1
DA:4,1
DA:5,1
DA:8,1
DA:9,1
DA:10,1
DA:12,1
DA:13,1
LF:10
LH:10
BRF:0
BRH:0
end_of_record
TN:
SF:/Users/ammohamed/Desktop/Projects/mjolnir-simulator/client/js/src/webcamMotion.spec.js
FN:1,(anonymous_1)
FN:2,(anonymous_2)
FN:8,(anonymous_3)
FNF:3
FNH:3
FNDA:1,(anonymous_1)
FNDA:1,(anonymous_2)
FNDA:1,(anonymous_3)
DA:1,1
DA:2,1
DA:3,1
DA:4,1
DA:5,1
DA:8,1
DA:9,1
DA:10,1
DA:12,1
DA:13,1
LF:10
LH:10
BRF:0
BRH:0
end_of_record
TN:
SF:/Users/ammohamed/Desktop/Projects/mjolnir-simulator/client/js/src/wsClient.spec.js
FNF:0
FNH:0
LF:0
LH:0
BRF:0
BRH:0
end_of_record
